{"numTotalTestSuites":5,"numPassedTestSuites":0,"numFailedTestSuites":5,"numPendingTestSuites":0,"numTotalTests":0,"numPassedTests":0,"numFailedTests":0,"numPendingTests":0,"numTodoTests":0,"startTime":1782211085792,"success":false,"testResults":[{"assertionResults":[],"startTime":1782211085792,"endTime":1782211085792,"status":"failed","message":"No test suite found in file C:/workspace/Kiro/node-conf-starter-uc1/client/tests/App.test.tsx","name":"C:/workspace/Kiro/node-conf-starter-uc1/client/tests/App.test.tsx"},{"assertionResults":[],"startTime":1782211085792,"endTime":1782211085792,"status":"failed","message":"No test suite found in file C:/workspace/Kiro/node-conf-starter-uc1/client/tests/DisputeDetail.test.tsx","name":"C:/workspace/Kiro/node-conf-starter-uc1/client/tests/DisputeDetail.test.tsx"},{"assertionResults":[],"startTime":1782211085792,"endTime":1782211085792,"status":"failed","message":"No test suite found in file C:/workspace/Kiro/node-conf-starter-uc1/client/tests/DisputeForm.test.tsx","name":"C:/workspace/Kiro/node-conf-starter-uc1/client/tests/DisputeForm.test.tsx"},{"assertionResults":[],"startTime":1782211085792,"endTime":1782211085792,"status":"failed","message":"No test suite found in file C:/workspace/Kiro/node-conf-starter-uc1/client/tests/DisputeList.test.tsx","name":"C:/workspace/Kiro/node-conf-starter-uc1/client/tests/DisputeList.test.tsx"},{"assertionResults":[],"startTime":1782211085792,"endTime":1782211085792,"status":"failed","message":"No test suite found in file C:/workspace/Kiro/node-conf-starter-uc1/client/tests/TriageResult.test.tsx","name":"C:/workspace/Kiro/node-conf-starter-uc1/client/tests/TriageResult.test.tsx"}]}