{"numTotalTestSuites":4,"numPassedTestSuites":0,"numFailedTestSuites":4,"numPendingTestSuites":0,"numTotalTests":0,"numPassedTests":0,"numFailedTests":0,"numPendingTests":0,"numTodoTests":0,"startTime":1782211082516,"success":false,"testResults":[{"assertionResults":[],"startTime":1782211082516,"endTime":1782211082516,"status":"failed","message":"No test suite found in file C:/workspace/Kiro/node-conf-starter-uc1/server/tests/disputes.test.ts","name":"C:/workspace/Kiro/node-conf-starter-uc1/server/tests/disputes.test.ts"},{"assertionResults":[],"startTime":1782211082516,"endTime":1782211082516,"status":"failed","message":"No test suite found in file C:/workspace/Kiro/node-conf-starter-uc1/server/tests/sample.test.ts","name":"C:/workspace/Kiro/node-conf-starter-uc1/server/tests/sample.test.ts"},{"assertionResults":[],"startTime":1782211082516,"endTime":1782211082516,"status":"failed","message":"No test suite found in file C:/workspace/Kiro/node-conf-starter-uc1/server/tests/triage-engine.test.ts","name":"C:/workspace/Kiro/node-conf-starter-uc1/server/tests/triage-engine.test.ts"},{"assertionResults":[],"startTime":1782211082516,"endTime":1782211082516,"status":"failed","message":"No test suite found in file C:/workspace/Kiro/node-conf-starter-uc1/server/tests/validation.test.ts","name":"C:/workspace/Kiro/node-conf-starter-uc1/server/tests/validation.test.ts"}]}